<?xml version="1.0" encoding="UTF-8"?>
<robot generator="Robot 6.0.2 (Python 3.11.1 on win32)" generated="20230124 17:39:26.447" rpa="false" schemaversion="3">
<suite id="s1" name="Amazon Testes Gherkin" source="D:\GIT\UdemyRobot\WebTesting\amazon_testes_gherkin.robot">
<test id="s1-t1" name="Caso de Teste BDD03 - Adicionar Produto no Carrinho" line="27">
<kw name="Abrir o navegador" library="amazon_resources" type="SETUP">
<kw name="Open Browser" library="SeleniumLibrary">
<arg>browser=${BROWSER}</arg>
<doc>Opens a new browser instance to the optional ``url``.</doc>
<msg timestamp="20230124 17:39:26.613" level="INFO">Opening browser 'chrome' to base url 'None'.</msg>
<status status="PASS" starttime="20230124 17:39:26.612" endtime="20230124 17:39:27.634"/>
</kw>
<kw name="Maximize Browser Window" library="SeleniumLibrary">
<doc>Maximizes current browser window.</doc>
<status status="PASS" starttime="20230124 17:39:27.634" endtime="20230124 17:39:27.750"/>
</kw>
<status status="PASS" starttime="20230124 17:39:26.612" endtime="20230124 17:39:27.750"/>
</kw>
<kw name="Dado que estou na home page da Amazon.com.br" library="amazon_resources">
<kw name="Acessar a home page do site Amazon.com.br" library="amazon_resources">
<kw name="Go To" library="SeleniumLibrary">
<arg>url=${URL}</arg>
<doc>Navigates the current browser window to the provided ``url``.</doc>
<msg timestamp="20230124 17:39:27.751" level="INFO">Opening url 'http://www.amazon.com.br'</msg>
<status status="PASS" starttime="20230124 17:39:27.751" endtime="20230124 17:39:29.373"/>
</kw>
<kw name="Wait Until Element Is Visible" library="SeleniumLibrary">
<arg>locator=${MENU_ELETRONICO}</arg>
<doc>Waits until the element ``locator`` is visible.</doc>
<status status="PASS" starttime="20230124 17:39:29.373" endtime="20230124 17:39:29.406"/>
</kw>
<status status="PASS" starttime="20230124 17:39:27.751" endtime="20230124 17:39:29.406"/>
</kw>
<kw name="Verificar se o título da página fica &quot;Amazon.com.br | Tudo pra você, de A a Z.&quot;" library="amazon_resources" sourcename="Verificar se o título da página fica &quot;${TITULO}&quot;">
<kw name="Wait Until Element Is Enabled" library="SeleniumLibrary">
<arg>locator=//title[contains(.,'${TITULO}')]</arg>
<doc>Waits until the element ``locator`` is enabled.</doc>
<status status="PASS" starttime="20230124 17:39:29.407" endtime="20230124 17:39:29.428"/>
</kw>
<kw name="Title Should Be" library="SeleniumLibrary">
<arg>title=${TITULO}</arg>
<doc>Verifies that the current page title equals ``title``.</doc>
<msg timestamp="20230124 17:39:29.433" level="INFO">Page title is 'Amazon.com.br | Tudo pra você, de A a Z.'.</msg>
<status status="PASS" starttime="20230124 17:39:29.428" endtime="20230124 17:39:29.433"/>
</kw>
<status status="PASS" starttime="20230124 17:39:29.407" endtime="20230124 17:39:29.433"/>
</kw>
<status status="PASS" starttime="20230124 17:39:27.751" endtime="20230124 17:39:29.433"/>
</kw>
<kw name="Quando adicionar o produto &quot;Console Xbox Series S&quot; no carrinho" library="amazon_resources">
<kw name="Digitar o nome de produto &quot;Xbox Series S&quot; no campo de pesquisa" library="amazon_resources" sourcename="Digitar o nome de produto &quot;${PRODUTO}&quot; no campo de pesquisa">
<kw name="Input Text" library="SeleniumLibrary">
<arg>locator=twotabsearchtextbox</arg>
<arg>text=${PRODUTO}</arg>
<doc>Types the given ``text`` into the text field identified by ``locator``.</doc>
<msg timestamp="20230124 17:39:29.434" level="INFO">Typing text 'Xbox Series S' into text field 'twotabsearchtextbox'.</msg>
<status status="PASS" starttime="20230124 17:39:29.434" endtime="20230124 17:39:29.565"/>
</kw>
<status status="PASS" starttime="20230124 17:39:29.434" endtime="20230124 17:39:29.565"/>
</kw>
<kw name="Clicar no botão de pesquisa" library="amazon_resources">
<kw name="Click Element" library="SeleniumLibrary">
<arg>locator=nav-search-submit-button</arg>
<doc>Click the element identified by ``locator``.</doc>
<msg timestamp="20230124 17:39:29.567" level="INFO">Clicking element 'nav-search-submit-button'.</msg>
<status status="PASS" starttime="20230124 17:39:29.566" endtime="20230124 17:39:29.655"/>
</kw>
<status status="PASS" starttime="20230124 17:39:29.566" endtime="20230124 17:39:29.655"/>
</kw>
<kw name="Verificar o resultado da pesquisa se está listando o produto &quot;Console Xbox Series S&quot;" library="amazon_resources" sourcename="Verificar o resultado da pesquisa se está listando o produto &quot;${PRODUTO}&quot;">
<kw name="Wait Until Element Is Visible" library="SeleniumLibrary">
<arg>locator=(//span[contains(.,'${PRODUTO}')])[3]</arg>
<doc>Waits until the element ``locator`` is visible.</doc>
<status status="PASS" starttime="20230124 17:39:29.655" endtime="20230124 17:39:30.519"/>
</kw>
<status status="PASS" starttime="20230124 17:39:29.655" endtime="20230124 17:39:30.519"/>
</kw>
<kw name="Adicionar o produto &quot;Console Xbox Series S&quot; no carrinho" library="amazon_resources" sourcename="Adicionar o produto &quot;${PRODUTO}&quot; no carrinho">
<kw name="Click Image" library="SeleniumLibrary">
<arg>locator=//img[@data-image-index='1']</arg>
<doc>Clicks an image identified by ``locator``.</doc>
<msg timestamp="20230124 17:39:30.519" level="INFO">Clicking image '//img[@data-image-index='1']'.</msg>
<status status="PASS" starttime="20230124 17:39:30.519" endtime="20230124 17:39:33.703"/>
</kw>
<kw name="Click Element" library="SeleniumLibrary">
<arg>locator=add-to-cart-button</arg>
<doc>Click the element identified by ``locator``.</doc>
<msg timestamp="20230124 17:39:33.704" level="INFO">Clicking element 'add-to-cart-button'.</msg>
<status status="PASS" starttime="20230124 17:39:33.703" endtime="20230124 17:39:34.892"/>
</kw>
<status status="PASS" starttime="20230124 17:39:30.519" endtime="20230124 17:39:34.892"/>
</kw>
<status status="PASS" starttime="20230124 17:39:29.433" endtime="20230124 17:39:34.892"/>
</kw>
<kw name="Então o produto &quot;Console Xbox Series S&quot; deve ser mostrado no carrinho" library="amazon_resources">
<kw name="Verificar se o produto &quot;Console Xbox Series S&quot; foi adicionado com sucesso" library="amazon_resources" sourcename="Verificar se o produto &quot;${PRODUTO}&quot; foi adicionado com sucesso">
<kw name="Click Element" library="SeleniumLibrary">
<arg>locator=nav-cart</arg>
<doc>Click the element identified by ``locator``.</doc>
<msg timestamp="20230124 17:39:34.893" level="INFO">Clicking element 'nav-cart'.</msg>
<status status="PASS" starttime="20230124 17:39:34.893" endtime="20230124 17:39:37.144"/>
</kw>
<kw name="Element Should Be Visible" library="SeleniumLibrary">
<arg>locator=//span[@class='a-truncate-cut'][contains(.,'${PRODUTO}')]</arg>
<doc>Verifies that the element identified by ``locator`` is visible.</doc>
<msg timestamp="20230124 17:39:37.171" level="INFO">Element '//span[@class='a-truncate-cut'][contains(.,'Console Xbox Series S')]' is displayed.</msg>
<status status="PASS" starttime="20230124 17:39:37.144" endtime="20230124 17:39:37.171"/>
</kw>
<status status="PASS" starttime="20230124 17:39:34.893" endtime="20230124 17:39:37.171"/>
</kw>
<status status="PASS" starttime="20230124 17:39:34.893" endtime="20230124 17:39:37.172"/>
</kw>
<kw name="Fechar o navegador" library="amazon_resources" type="TEARDOWN">
<kw name="Capture Page Screenshot" library="SeleniumLibrary">
<doc>Takes a screenshot of the current page and embeds it into a log file.</doc>
<msg timestamp="20230124 17:39:37.343" level="INFO" html="true">&lt;/td&gt;&lt;/tr&gt;&lt;tr&gt;&lt;td colspan="3"&gt;&lt;a href="selenium-screenshot-50.png"&gt;&lt;img src="selenium-screenshot-50.png" width="800px"&gt;&lt;/a&gt;</msg>
<status status="PASS" starttime="20230124 17:39:37.172" endtime="20230124 17:39:37.343"/>
</kw>
<kw name="Close Browser" library="SeleniumLibrary">
<doc>Closes the current browser.</doc>
<status status="PASS" starttime="20230124 17:39:37.344" endtime="20230124 17:39:39.453"/>
</kw>
<status status="PASS" starttime="20230124 17:39:37.172" endtime="20230124 17:39:39.453"/>
</kw>
<doc>Esse teste verifica a adição de um produto no carrinho de compras</doc>
<tag>adicionar_carrinho</tag>
<tag>tarefa</tag>
<status status="PASS" starttime="20230124 17:39:26.612" endtime="20230124 17:39:39.454"/>
</test>
<test id="s1-t2" name="Caso de Teste BDD04 - Remover Produto do Carrinho" line="34">
<kw name="Abrir o navegador" library="amazon_resources" type="SETUP">
<kw name="Open Browser" library="SeleniumLibrary">
<arg>browser=${BROWSER}</arg>
<doc>Opens a new browser instance to the optional ``url``.</doc>
<msg timestamp="20230124 17:39:39.456" level="INFO">Opening browser 'chrome' to base url 'None'.</msg>
<status status="PASS" starttime="20230124 17:39:39.456" endtime="20230124 17:39:40.434"/>
</kw>
<kw name="Maximize Browser Window" library="SeleniumLibrary">
<doc>Maximizes current browser window.</doc>
<status status="PASS" starttime="20230124 17:39:40.434" endtime="20230124 17:39:40.546"/>
</kw>
<status status="PASS" starttime="20230124 17:39:39.456" endtime="20230124 17:39:40.546"/>
</kw>
<kw name="Dado que estou na home page da Amazon.com.br" library="amazon_resources">
<kw name="Acessar a home page do site Amazon.com.br" library="amazon_resources">
<kw name="Go To" library="SeleniumLibrary">
<arg>url=${URL}</arg>
<doc>Navigates the current browser window to the provided ``url``.</doc>
<msg timestamp="20230124 17:39:40.548" level="INFO">Opening url 'http://www.amazon.com.br'</msg>
<status status="PASS" starttime="20230124 17:39:40.547" endtime="20230124 17:39:42.138"/>
</kw>
<kw name="Wait Until Element Is Visible" library="SeleniumLibrary">
<arg>locator=${MENU_ELETRONICO}</arg>
<doc>Waits until the element ``locator`` is visible.</doc>
<status status="PASS" starttime="20230124 17:39:42.138" endtime="20230124 17:39:42.170"/>
</kw>
<status status="PASS" starttime="20230124 17:39:40.547" endtime="20230124 17:39:42.170"/>
</kw>
<kw name="Verificar se o título da página fica &quot;Amazon.com.br | Tudo pra você, de A a Z.&quot;" library="amazon_resources" sourcename="Verificar se o título da página fica &quot;${TITULO}&quot;">
<kw name="Wait Until Element Is Enabled" library="SeleniumLibrary">
<arg>locator=//title[contains(.,'${TITULO}')]</arg>
<doc>Waits until the element ``locator`` is enabled.</doc>
<status status="PASS" starttime="20230124 17:39:42.171" endtime="20230124 17:39:42.192"/>
</kw>
<kw name="Title Should Be" library="SeleniumLibrary">
<arg>title=${TITULO}</arg>
<doc>Verifies that the current page title equals ``title``.</doc>
<msg timestamp="20230124 17:39:42.194" level="INFO">Page title is 'Amazon.com.br | Tudo pra você, de A a Z.'.</msg>
<status status="PASS" starttime="20230124 17:39:42.192" endtime="20230124 17:39:42.194"/>
</kw>
<status status="PASS" starttime="20230124 17:39:42.171" endtime="20230124 17:39:42.194"/>
</kw>
<status status="PASS" starttime="20230124 17:39:40.547" endtime="20230124 17:39:42.194"/>
</kw>
<kw name="E existe o produto &quot;Console Xbox Series S&quot; no carrinho" library="amazon_resources">
<kw name="Quando adicionar o produto &quot;Console Xbox Series S&quot; no carrinho" library="amazon_resources">
<kw name="Digitar o nome de produto &quot;Xbox Series S&quot; no campo de pesquisa" library="amazon_resources" sourcename="Digitar o nome de produto &quot;${PRODUTO}&quot; no campo de pesquisa">
<kw name="Input Text" library="SeleniumLibrary">
<arg>locator=twotabsearchtextbox</arg>
<arg>text=${PRODUTO}</arg>
<doc>Types the given ``text`` into the text field identified by ``locator``.</doc>
<msg timestamp="20230124 17:39:42.196" level="INFO">Typing text 'Xbox Series S' into text field 'twotabsearchtextbox'.</msg>
<status status="PASS" starttime="20230124 17:39:42.195" endtime="20230124 17:39:42.331"/>
</kw>
<status status="PASS" starttime="20230124 17:39:42.195" endtime="20230124 17:39:42.331"/>
</kw>
<kw name="Clicar no botão de pesquisa" library="amazon_resources">
<kw name="Click Element" library="SeleniumLibrary">
<arg>locator=nav-search-submit-button</arg>
<doc>Click the element identified by ``locator``.</doc>
<msg timestamp="20230124 17:39:42.332" level="INFO">Clicking element 'nav-search-submit-button'.</msg>
<status status="PASS" starttime="20230124 17:39:42.331" endtime="20230124 17:39:42.421"/>
</kw>
<status status="PASS" starttime="20230124 17:39:42.331" endtime="20230124 17:39:42.421"/>
</kw>
<kw name="Verificar o resultado da pesquisa se está listando o produto &quot;Console Xbox Series S&quot;" library="amazon_resources" sourcename="Verificar o resultado da pesquisa se está listando o produto &quot;${PRODUTO}&quot;">
<kw name="Wait Until Element Is Visible" library="SeleniumLibrary">
<arg>locator=(//span[contains(.,'${PRODUTO}')])[3]</arg>
<doc>Waits until the element ``locator`` is visible.</doc>
<status status="PASS" starttime="20230124 17:39:42.421" endtime="20230124 17:39:43.556"/>
</kw>
<status status="PASS" starttime="20230124 17:39:42.421" endtime="20230124 17:39:43.557"/>
</kw>
<kw name="Adicionar o produto &quot;Console Xbox Series S&quot; no carrinho" library="amazon_resources" sourcename="Adicionar o produto &quot;${PRODUTO}&quot; no carrinho">
<kw name="Click Image" library="SeleniumLibrary">
<arg>locator=//img[@data-image-index='1']</arg>
<doc>Clicks an image identified by ``locator``.</doc>
<msg timestamp="20230124 17:39:43.557" level="INFO">Clicking image '//img[@data-image-index='1']'.</msg>
<status status="PASS" starttime="20230124 17:39:43.557" endtime="20230124 17:39:47.000"/>
</kw>
<kw name="Click Element" library="SeleniumLibrary">
<arg>locator=add-to-cart-button</arg>
<doc>Click the element identified by ``locator``.</doc>
<msg timestamp="20230124 17:39:47.000" level="INFO">Clicking element 'add-to-cart-button'.</msg>
<status status="PASS" starttime="20230124 17:39:47.000" endtime="20230124 17:39:48.180"/>
</kw>
<status status="PASS" starttime="20230124 17:39:43.557" endtime="20230124 17:39:48.181"/>
</kw>
<status status="PASS" starttime="20230124 17:39:42.195" endtime="20230124 17:39:48.181"/>
</kw>
<kw name="Então o produto &quot;Console Xbox Series S&quot; deve ser mostrado no carrinho" library="amazon_resources">
<kw name="Verificar se o produto &quot;Console Xbox Series S&quot; foi adicionado com sucesso" library="amazon_resources" sourcename="Verificar se o produto &quot;${PRODUTO}&quot; foi adicionado com sucesso">
<kw name="Click Element" library="SeleniumLibrary">
<arg>locator=nav-cart</arg>
<doc>Click the element identified by ``locator``.</doc>
<msg timestamp="20230124 17:39:48.182" level="INFO">Clicking element 'nav-cart'.</msg>
<status status="PASS" starttime="20230124 17:39:48.181" endtime="20230124 17:39:50.175"/>
</kw>
<kw name="Element Should Be Visible" library="SeleniumLibrary">
<arg>locator=//span[@class='a-truncate-cut'][contains(.,'${PRODUTO}')]</arg>
<doc>Verifies that the element identified by ``locator`` is visible.</doc>
<msg timestamp="20230124 17:39:50.214" level="INFO">Element '//span[@class='a-truncate-cut'][contains(.,'Console Xbox Series S')]' is displayed.</msg>
<status status="PASS" starttime="20230124 17:39:50.176" endtime="20230124 17:39:50.214"/>
</kw>
<status status="PASS" starttime="20230124 17:39:48.181" endtime="20230124 17:39:50.214"/>
</kw>
<status status="PASS" starttime="20230124 17:39:48.181" endtime="20230124 17:39:50.214"/>
</kw>
<status status="PASS" starttime="20230124 17:39:42.195" endtime="20230124 17:39:50.214"/>
</kw>
<kw name="Quando remover o produto &quot;Console Xbox Series S&quot; do carrinho" library="amazon_resources">
<kw name="Remover o produto &quot;Console Xbox Series S&quot; do carrinho" library="amazon_resources" sourcename="Remover o produto &quot;${PRODUTO}&quot; do carrinho">
<kw name="Click Element" library="SeleniumLibrary">
<arg>locator=//input[@aria-label='Excluir ${PRODUTO}']</arg>
<doc>Click the element identified by ``locator``.</doc>
<msg timestamp="20230124 17:39:50.215" level="INFO">Clicking element '//input[@aria-label='Excluir Console Xbox Series S']'.</msg>
<status status="PASS" starttime="20230124 17:39:50.214" endtime="20230124 17:39:50.289"/>
</kw>
<status status="PASS" starttime="20230124 17:39:50.214" endtime="20230124 17:39:50.289"/>
</kw>
<status status="PASS" starttime="20230124 17:39:50.214" endtime="20230124 17:39:50.289"/>
</kw>
<kw name="Então o carrinho deve ficar vazio" library="amazon_resources">
<kw name="Verificar se o carrinho fica vazio" library="amazon_resources">
<kw name="Wait Until Element Is Visible" library="SeleniumLibrary">
<arg>locator=//h1[contains(.,'Seu carrinho de compras da Amazon está vazio.')]</arg>
<doc>Waits until the element ``locator`` is visible.</doc>
<status status="PASS" starttime="20230124 17:39:50.290" endtime="20230124 17:39:50.721"/>
</kw>
<status status="PASS" starttime="20230124 17:39:50.290" endtime="20230124 17:39:50.721"/>
</kw>
<status status="PASS" starttime="20230124 17:39:50.289" endtime="20230124 17:39:50.721"/>
</kw>
<kw name="Fechar o navegador" library="amazon_resources" type="TEARDOWN">
<kw name="Capture Page Screenshot" library="SeleniumLibrary">
<doc>Takes a screenshot of the current page and embeds it into a log file.</doc>
<msg timestamp="20230124 17:39:50.884" level="INFO" html="true">&lt;/td&gt;&lt;/tr&gt;&lt;tr&gt;&lt;td colspan="3"&gt;&lt;a href="selenium-screenshot-51.png"&gt;&lt;img src="selenium-screenshot-51.png" width="800px"&gt;&lt;/a&gt;</msg>
<status status="PASS" starttime="20230124 17:39:50.722" endtime="20230124 17:39:50.884"/>
</kw>
<kw name="Close Browser" library="SeleniumLibrary">
<doc>Closes the current browser.</doc>
<status status="PASS" starttime="20230124 17:39:50.884" endtime="20230124 17:39:53.003"/>
</kw>
<status status="PASS" starttime="20230124 17:39:50.722" endtime="20230124 17:39:53.003"/>
</kw>
<doc>Esse teste verifica a remoção de um produto no carrinho de compras</doc>
<tag>remover_carrinho</tag>
<tag>tarefa</tag>
<status status="PASS" starttime="20230124 17:39:39.455" endtime="20230124 17:39:53.004"/>
</test>
<doc>Essa suite teste o site da Amazon.com.br</doc>
<status status="PASS" starttime="20230124 17:39:26.449" endtime="20230124 17:39:53.005"/>
</suite>
<statistics>
<total>
<stat pass="2" fail="0" skip="0">All Tests</stat>
</total>
<tag>
<stat pass="1" fail="0" skip="0">adicionar_carrinho</stat>
<stat pass="1" fail="0" skip="0">remover_carrinho</stat>
<stat pass="2" fail="0" skip="0">tarefa</stat>
</tag>
<suite>
<stat pass="2" fail="0" skip="0" id="s1" name="Amazon Testes Gherkin">Amazon Testes Gherkin</stat>
</suite>
</statistics>
<errors>
</errors>
</robot>
